<?xml version="1.0" encoding="UTF-8"?>
<!-- Generated by org.testng.reporters.JUnitXMLReporter -->
<testsuite ignored="0" hostname="fedora" failures="0" tests="2" name="Default test" time="5.858" errors="0" timestamp="2022-01-04T09:13:55 IST">
  <testcase classname="serializationDeserialization.VideoGameAPITestWithSerialization" name="testVideoGameSerializationXML" time="5.235"/>
  <testcase classname="serializationDeserialization.VideoGameAPITestWithSerialization" name="testVideoGameDeserializationXML" time="0.522"/>
</testsuite> <!-- Default test -->
