<?xml version="1.0" encoding="UTF-8"?>
<!-- Generated by org.testng.reporters.JUnitXMLReporter -->
<testsuite ignored="0" hostname="fedora" failures="0" tests="9" name="Default test" time="9.441" errors="0" timestamp="2022-01-02T18:03:18 IST">
  <testcase classname="com.employeeapi.testCases.GET_All_Employees" name="checkContentEncoding" time="0.014"/>
  <testcase classname="com.employeeapi.testCases.GET_All_Employees" name="checkContentLength" time="0.003"/>
  <testcase classname="com.employeeapi.testCases.GET_All_Employees" name="checkContentType" time="0.003"/>
  <testcase classname="com.employeeapi.testCases.GET_All_Employees" name="checkCookies" time="0.003"/>
  <testcase classname="com.employeeapi.testCases.GET_All_Employees" name="checkResponseBody" time="0.027"/>
  <testcase classname="com.employeeapi.testCases.GET_All_Employees" name="checkResponseTime" time="0.003"/>
  <testcase classname="com.employeeapi.testCases.GET_All_Employees" name="checkServerType" time="0.002"/>
  <testcase classname="com.employeeapi.testCases.GET_All_Employees" name="checkStatusCode" time="0.003"/>
  <testcase classname="com.employeeapi.testCases.GET_All_Employees" name="checkStatusLine" time="0.003"/>
</testsuite> <!-- Default test -->
