<?xml version="1.0" encoding="UTF-8"?>
<!-- Generated by org.testng.reporters.JUnitXMLReporter -->
<testsuite ignored="0" hostname="fedora" failures="0" tests="37" name="EmployeesRestAPITest" time="34.229" errors="0" timestamp="2022-01-02T17:11:53 IST">
  <testcase classname="com.employeeapi.testCases.GET_All_Employees" name="checkContentEncoding" time="0.025"/>
  <testcase classname="com.employeeapi.testCases.GET_All_Employees" name="checkContentLength" time="0.008"/>
  <testcase classname="com.employeeapi.testCases.GET_All_Employees" name="checkContentType" time="0.009"/>
  <testcase classname="com.employeeapi.testCases.GET_All_Employees" name="checkCookies" time="0.013"/>
  <testcase classname="com.employeeapi.testCases.GET_All_Employees" name="checkResponseBody" time="0.096"/>
  <testcase classname="com.employeeapi.testCases.GET_All_Employees" name="checkResponseTime" time="0.019"/>
  <testcase classname="com.employeeapi.testCases.GET_All_Employees" name="checkServerType" time="0.013"/>
  <testcase classname="com.employeeapi.testCases.GET_All_Employees" name="checkStatusCode" time="0.012"/>
  <testcase classname="com.employeeapi.testCases.GET_All_Employees" name="checkStatusLine" time="0.01"/>
  <testcase classname="com.employeeapi.testCases.GET_Employee_Record" name="checkContentLength" time="0.007"/>
  <testcase classname="com.employeeapi.testCases.GET_Employee_Record" name="checkContentType" time="0.001"/>
  <testcase classname="com.employeeapi.testCases.GET_Employee_Record" name="checkResponseBody" time="0.003"/>
  <testcase classname="com.employeeapi.testCases.GET_Employee_Record" name="checkResponseTime" time="0.002"/>
  <testcase classname="com.employeeapi.testCases.GET_Employee_Record" name="checkServerType" time="0.001"/>
  <testcase classname="com.employeeapi.testCases.GET_Employee_Record" name="checkStatusCode" time="0.006"/>
  <testcase classname="com.employeeapi.testCases.GET_Employee_Record" name="checkStatusLine" time="0.002"/>
  <testcase classname="com.employeeapi.testCases.POST_Employee_Record" name="checkContentLength" time="0.003"/>
  <testcase classname="com.employeeapi.testCases.POST_Employee_Record" name="checkContentType" time="0.002"/>
  <testcase classname="com.employeeapi.testCases.POST_Employee_Record" name="checkResponseBody" time="1.692"/>
  <testcase classname="com.employeeapi.testCases.POST_Employee_Record" name="checkResponseTime" time="0.001"/>
  <testcase classname="com.employeeapi.testCases.POST_Employee_Record" name="checkServerType" time="0.001"/>
  <testcase classname="com.employeeapi.testCases.POST_Employee_Record" name="checkStatusCode" time="0.001"/>
  <testcase classname="com.employeeapi.testCases.POST_Employee_Record" name="checkStatusLine" time="0.001"/>
  <testcase classname="com.employeeapi.testCases.PUT_Employee_Record" name="checkContentLength" time="0.002"/>
  <testcase classname="com.employeeapi.testCases.PUT_Employee_Record" name="checkContentType" time="0.002"/>
  <testcase classname="com.employeeapi.testCases.PUT_Employee_Record" name="checkResponseBody" time="0.122"/>
  <testcase classname="com.employeeapi.testCases.PUT_Employee_Record" name="checkResponseTime" time="0.004"/>
  <testcase classname="com.employeeapi.testCases.PUT_Employee_Record" name="checkServerType" time="0.001"/>
  <testcase classname="com.employeeapi.testCases.PUT_Employee_Record" name="checkStatusCode" time="0.004"/>
  <testcase classname="com.employeeapi.testCases.PUT_Employee_Record" name="checkStatusLine" time="0.002"/>
  <testcase classname="com.employeeapi.testCases.DELETE_Employee_Record" name="checkContentLength" time="0.002"/>
  <testcase classname="com.employeeapi.testCases.DELETE_Employee_Record" name="checkContentType" time="0.002"/>
  <testcase classname="com.employeeapi.testCases.DELETE_Employee_Record" name="checkResponseBody" time="0.08"/>
  <testcase classname="com.employeeapi.testCases.DELETE_Employee_Record" name="checkResponseTime" time="0.001"/>
  <testcase classname="com.employeeapi.testCases.DELETE_Employee_Record" name="checkServerType" time="0.003"/>
  <testcase classname="com.employeeapi.testCases.DELETE_Employee_Record" name="checkStatusCode" time="0.002"/>
  <testcase classname="com.employeeapi.testCases.DELETE_Employee_Record" name="checkStatusLine" time="0.001"/>
</testsuite> <!-- EmployeesRestAPITest -->
