<?xml version="1.0" encoding="UTF-8"?>
<testng-results ignored="0" total="2" passed="2" failed="0" skipped="0">
  <reporter-output>
  </reporter-output>
  <suite started-at="2022-01-04T09:13:49 IST" name="Default suite" finished-at="2022-01-04T09:13:55 IST" duration-ms="5858">
    <groups>
    </groups>
    <test started-at="2022-01-04T09:13:49 IST" name="Default test" finished-at="2022-01-04T09:13:55 IST" duration-ms="5858">
      <class name="serializationDeserialization.VideoGameAPITestWithSerialization">
        <test-method signature="testVideoGameSerializationXML()[pri:1, instance:serializationDeserialization.VideoGameAPITestWithSerialization@778d1062]" started-at="2022-01-04T09:13:49 IST" name="testVideoGameSerializationXML" finished-at="2022-01-04T09:13:54 IST" duration-ms="5235" status="PASS">
          <reporter-output>
          </reporter-output>
        </test-method> <!-- testVideoGameSerializationXML -->
        <test-method signature="testVideoGameDeserializationXML()[pri:2, instance:serializationDeserialization.VideoGameAPITestWithSerialization@778d1062]" started-at="2022-01-04T09:13:54 IST" name="testVideoGameDeserializationXML" finished-at="2022-01-04T09:13:55 IST" duration-ms="522" status="PASS">
          <reporter-output>
          </reporter-output>
        </test-method> <!-- testVideoGameDeserializationXML -->
      </class> <!-- serializationDeserialization.VideoGameAPITestWithSerialization -->
    </test> <!-- Default test -->
  </suite> <!-- Default suite -->
</testng-results>
