<?xml version="1.0" encoding="UTF-8"?>
<testng-results ignored="0" total="9" passed="9" failed="0" skipped="0">
  <reporter-output>
  </reporter-output>
  <suite started-at="2022-01-02T18:03:08 IST" name="Default suite" finished-at="2022-01-02T18:03:18 IST" duration-ms="9441">
    <groups>
    </groups>
    <test started-at="2022-01-02T18:03:08 IST" name="Default test" finished-at="2022-01-02T18:03:18 IST" duration-ms="9441">
      <class name="com.employeeapi.testCases.GET_All_Employees">
        <test-method is-config="true" signature="setup()[pri:0, instance:com.employeeapi.testCases.GET_All_Employees@7c469c48]" started-at="2022-01-02T18:03:08 IST" name="setup" finished-at="2022-01-02T18:03:09 IST" duration-ms="776" status="PASS">
          <reporter-output>
          </reporter-output>
        </test-method> <!-- setup -->
        <test-method is-config="true" signature="getAllEmployees()[pri:0, instance:com.employeeapi.testCases.GET_All_Employees@7c469c48]" started-at="2022-01-02T18:03:09 IST" name="getAllEmployees" finished-at="2022-01-02T18:03:18 IST" duration-ms="8520" status="PASS">
          <reporter-output>
          </reporter-output>
        </test-method> <!-- getAllEmployees -->
        <test-method signature="checkContentEncoding()[pri:0, instance:com.employeeapi.testCases.GET_All_Employees@7c469c48]" started-at="2022-01-02T18:03:18 IST" name="checkContentEncoding" finished-at="2022-01-02T18:03:18 IST" duration-ms="14" status="PASS">
          <reporter-output>
          </reporter-output>
        </test-method> <!-- checkContentEncoding -->
        <test-method signature="checkContentLength()[pri:0, instance:com.employeeapi.testCases.GET_All_Employees@7c469c48]" started-at="2022-01-02T18:03:18 IST" name="checkContentLength" finished-at="2022-01-02T18:03:18 IST" duration-ms="3" status="PASS">
          <reporter-output>
          </reporter-output>
        </test-method> <!-- checkContentLength -->
        <test-method signature="checkContentType()[pri:0, instance:com.employeeapi.testCases.GET_All_Employees@7c469c48]" started-at="2022-01-02T18:03:18 IST" name="checkContentType" finished-at="2022-01-02T18:03:18 IST" duration-ms="3" status="PASS">
          <reporter-output>
          </reporter-output>
        </test-method> <!-- checkContentType -->
        <test-method signature="checkCookies()[pri:0, instance:com.employeeapi.testCases.GET_All_Employees@7c469c48]" started-at="2022-01-02T18:03:18 IST" name="checkCookies" finished-at="2022-01-02T18:03:18 IST" duration-ms="3" status="PASS">
          <reporter-output>
          </reporter-output>
        </test-method> <!-- checkCookies -->
        <test-method signature="checkResponseBody()[pri:0, instance:com.employeeapi.testCases.GET_All_Employees@7c469c48]" started-at="2022-01-02T18:03:18 IST" name="checkResponseBody" finished-at="2022-01-02T18:03:18 IST" duration-ms="27" status="PASS">
          <reporter-output>
          </reporter-output>
        </test-method> <!-- checkResponseBody -->
        <test-method signature="checkResponseTime()[pri:0, instance:com.employeeapi.testCases.GET_All_Employees@7c469c48]" started-at="2022-01-02T18:03:18 IST" name="checkResponseTime" finished-at="2022-01-02T18:03:18 IST" duration-ms="3" status="PASS">
          <reporter-output>
          </reporter-output>
        </test-method> <!-- checkResponseTime -->
        <test-method signature="checkServerType()[pri:0, instance:com.employeeapi.testCases.GET_All_Employees@7c469c48]" started-at="2022-01-02T18:03:18 IST" name="checkServerType" finished-at="2022-01-02T18:03:18 IST" duration-ms="2" status="PASS">
          <reporter-output>
          </reporter-output>
        </test-method> <!-- checkServerType -->
        <test-method signature="checkStatusCode()[pri:0, instance:com.employeeapi.testCases.GET_All_Employees@7c469c48]" started-at="2022-01-02T18:03:18 IST" name="checkStatusCode" finished-at="2022-01-02T18:03:18 IST" duration-ms="3" status="PASS">
          <reporter-output>
          </reporter-output>
        </test-method> <!-- checkStatusCode -->
        <test-method signature="checkStatusLine()[pri:0, instance:com.employeeapi.testCases.GET_All_Employees@7c469c48]" started-at="2022-01-02T18:03:18 IST" name="checkStatusLine" finished-at="2022-01-02T18:03:18 IST" duration-ms="3" status="PASS">
          <reporter-output>
          </reporter-output>
        </test-method> <!-- checkStatusLine -->
        <test-method is-config="true" signature="tearDown()[pri:0, instance:com.employeeapi.testCases.GET_All_Employees@7c469c48]" started-at="2022-01-02T18:03:18 IST" name="tearDown" finished-at="2022-01-02T18:03:18 IST" duration-ms="0" status="PASS">
          <reporter-output>
          </reporter-output>
        </test-method> <!-- tearDown -->
      </class> <!-- com.employeeapi.testCases.GET_All_Employees -->
    </test> <!-- Default test -->
  </suite> <!-- Default suite -->
</testng-results>
